<?xml version="1.0" encoding="UTF-8"?>
<!-- Generated by org.testng.reporters.JUnitXMLReporter -->
<testsuite hostname="LAPTOP-IN47UTGA" ignored="0" name="Command line test" tests="1" failures="1" timestamp="2020-02-11T18:02:03 COT" time="41.734" errors="0">
  <testcase name="iniciarSesion" time="35.946" classname="Test.LoginTest">
    <failure type="java.lang.AssertionError" message="expected [true] but found [false]">
      <![CDATA[java.lang.AssertionError: expected [true] but found [false]
at Test.LoginTest.iniciarSesion(LoginTest.java:33)
at java.util.ArrayList.forEach(ArrayList.java:1257)
at Runner.Main.main(Main.java:14)
... Removed 28 stack frames]]>
    </failure>
  </testcase> <!-- iniciarSesion -->
</testsuite> <!-- Command line test -->
