<?xml version="1.0" encoding="UTF-8"?>
<testng-results skipped="0" failed="0" ignored="0" total="1" passed="1">
  <reporter-output>
  </reporter-output>
  <suite name="Command line suite" duration-ms="24377" started-at="2020-02-12T16:21:13 COT" finished-at="2020-02-12T16:21:37 COT">
    <groups>
    </groups>
    <test name="Command line test" duration-ms="24377" started-at="2020-02-12T16:21:13 COT" finished-at="2020-02-12T16:21:37 COT">
      <class name="Test.PromocionTest">
        <test-method status="PASS" signature="crearDriver()[pri:0, instance:Test.PromocionTest@79698539]" name="crearDriver" is-config="true" duration-ms="5838" started-at="2020-02-12T16:21:13 COT" finished-at="2020-02-12T16:21:19 COT">
          <reporter-output>
          </reporter-output>
        </test-method> <!-- crearDriver -->
        <test-method status="PASS" signature="crearPromocion()[pri:0, instance:Test.PromocionTest@79698539]" name="crearPromocion" duration-ms="18518" started-at="2020-02-12T16:21:19 COT" finished-at="2020-02-12T16:21:37 COT">
          <reporter-output>
          </reporter-output>
        </test-method> <!-- crearPromocion -->
        <test-method status="PASS" signature="cerrarDriver()[pri:0, instance:Test.PromocionTest@79698539]" name="cerrarDriver" is-config="true" duration-ms="0" started-at="2020-02-12T16:21:37 COT" finished-at="2020-02-12T16:21:37 COT">
          <reporter-output>
          </reporter-output>
        </test-method> <!-- cerrarDriver -->
      </class> <!-- Test.PromocionTest -->
    </test> <!-- Command line test -->
  </suite> <!-- Command line suite -->
</testng-results>
